packages/promptly.eu/android/app/build/intermediates/manifest_merge_blame_file/debug/manifest-merger-blame-debug-report.txt
1<?xml version="1.0" encoding="utf-8"?>
2<manifest xmlns:android="http://schemas.android.com/apk/res/android"
3    package="com.promptlyhealth.promptly.eu"
4    android:versionCode="25"
5    android:versionName="2.0.4" >
6
7    <uses-sdk
8        android:minSdkVersion="21"
9        android:targetSdkVersion="30" />
10
11    <uses-permission android:name="android.permission.SYSTEM_ALERT_WINDOW" />
11-->src/debug/AndroidManifest.xml:5:5-77
11-->src/debug/AndroidManifest.xml:5:22-75
12    <uses-permission android:name="android.permission.INTERNET" />
12-->src/main/AndroidManifest.xml:4:5-67
12-->src/main/AndroidManifest.xml:4:22-64
13    <uses-permission android:name="android.permission.BLUETOOTH" />
13-->src/main/AndroidManifest.xml:5:5-67
13-->src/main/AndroidManifest.xml:5:22-65
14    <uses-permission android:name="android.permission.BLUETOOTH_ADMIN" />
14-->src/main/AndroidManifest.xml:6:5-73
14-->src/main/AndroidManifest.xml:6:22-71
15    <uses-permission android:name="android.permission.FOREGROUND_SERVICE" />
15-->src/main/AndroidManifest.xml:7:5-77
15-->src/main/AndroidManifest.xml:7:22-74
16    <uses-permission android:name="android.permission.WAKE_LOCK" />
16-->src/main/AndroidManifest.xml:8:5-68
16-->src/main/AndroidManifest.xml:8:22-65
17
18    <uses-permission-sdk-23 android:name="android.permission.ACCESS_FINE_LOCATION" />
18-->src/main/AndroidManifest.xml:9:5-85
18-->src/main/AndroidManifest.xml:9:29-83
19
20    <uses-permission android:name="android.permission.ACCESS_WIFI_STATE" />
20-->[com.facebook.flipper:flipper:0.99.0] AndroidManifest.xml:16:5-76
20-->[com.facebook.flipper:flipper:0.99.0] AndroidManifest.xml:16:22-73
21    <uses-permission android:name="android.permission.ACCESS_NETWORK_STATE" />
21-->[:react-native-community_netinfo] AndroidManifest.xml:9:5-79
21-->[:react-native-community_netinfo] AndroidManifest.xml:9:22-76
22    <uses-permission android:name="android.permission.WRITE_EXTERNAL_STORAGE" />
22-->[:react-native-image-crop-picker] AndroidManifest.xml:9:5-81
22-->[:react-native-image-crop-picker] AndroidManifest.xml:9:22-78
23    <uses-permission android:name="android.permission.READ_EXTERNAL_STORAGE" /> <!-- Create a unique permission for your app and use it so only your app can receive your OneSignal messages. -->
24    <permission
24-->[com.onesignal:OneSignal:4.3.0] AndroidManifest.xml:7:5-9:47
25        android:name="com.promptlyhealth.promptly.eu.permission.C2D_MESSAGE"
25-->[com.onesignal:OneSignal:4.3.0] AndroidManifest.xml:8:9-63
26        android:protectionLevel="signature" />
26-->[com.onesignal:OneSignal:4.3.0] AndroidManifest.xml:9:9-44
27
28    <uses-permission android:name="com.promptlyhealth.promptly.eu.permission.C2D_MESSAGE" /> <!-- c2dm RECEIVE are basic requirements for push messages through Google's FCM -->
28-->[com.onesignal:OneSignal:4.3.0] AndroidManifest.xml:11:5-79
28-->[com.onesignal:OneSignal:4.3.0] AndroidManifest.xml:11:22-76
29    <uses-permission android:name="com.google.android.c2dm.permission.RECEIVE" />
29-->[com.onesignal:OneSignal:4.3.0] AndroidManifest.xml:17:5-82
29-->[com.onesignal:OneSignal:4.3.0] AndroidManifest.xml:17:22-79
30    <!--
31 Required so the device vibrates on receiving a push notification.
32         Vibration settings of the device still apply.
33    -->
34    <uses-permission android:name="android.permission.VIBRATE" />
34-->[com.onesignal:OneSignal:4.3.0] AndroidManifest.xml:23:5-66
34-->[com.onesignal:OneSignal:4.3.0] AndroidManifest.xml:23:22-63
35    <!--
36 Use to restore notifications the user hasn't interacted with.
37         They could be missed notifications if the user reboots their device if this isn't in place.
38    -->
39    <uses-permission android:name="android.permission.RECEIVE_BOOT_COMPLETED" /> <!-- START: ShortcutBadger -->
39-->[com.onesignal:OneSignal:4.3.0] AndroidManifest.xml:29:5-81
39-->[com.onesignal:OneSignal:4.3.0] AndroidManifest.xml:29:22-78
40    <!-- Samsung -->
41    <uses-permission android:name="com.sec.android.provider.badge.permission.READ" />
41-->[com.onesignal:OneSignal:4.3.0] AndroidManifest.xml:31:5-86
41-->[com.onesignal:OneSignal:4.3.0] AndroidManifest.xml:31:22-83
42    <uses-permission android:name="com.sec.android.provider.badge.permission.WRITE" /> <!-- HTC -->
42-->[com.onesignal:OneSignal:4.3.0] AndroidManifest.xml:32:5-87
42-->[com.onesignal:OneSignal:4.3.0] AndroidManifest.xml:32:22-84
43    <uses-permission android:name="com.htc.launcher.permission.READ_SETTINGS" />
43-->[com.onesignal:OneSignal:4.3.0] AndroidManifest.xml:33:5-81
43-->[com.onesignal:OneSignal:4.3.0] AndroidManifest.xml:33:22-78
44    <uses-permission android:name="com.htc.launcher.permission.UPDATE_SHORTCUT" /> <!-- Sony -->
44-->[com.onesignal:OneSignal:4.3.0] AndroidManifest.xml:34:5-83
44-->[com.onesignal:OneSignal:4.3.0] AndroidManifest.xml:34:22-80
45    <uses-permission android:name="com.sonyericsson.home.permission.BROADCAST_BADGE" />
45-->[com.onesignal:OneSignal:4.3.0] AndroidManifest.xml:35:5-88
45-->[com.onesignal:OneSignal:4.3.0] AndroidManifest.xml:35:22-85
46    <uses-permission android:name="com.sonymobile.home.permission.PROVIDER_INSERT_BADGE" /> <!-- Apex -->
46-->[com.onesignal:OneSignal:4.3.0] AndroidManifest.xml:36:5-92
46-->[com.onesignal:OneSignal:4.3.0] AndroidManifest.xml:36:22-89
47    <uses-permission android:name="com.anddoes.launcher.permission.UPDATE_COUNT" /> <!-- Solid -->
47-->[com.onesignal:OneSignal:4.3.0] AndroidManifest.xml:37:5-84
47-->[com.onesignal:OneSignal:4.3.0] AndroidManifest.xml:37:22-81
48    <uses-permission android:name="com.majeur.launcher.permission.UPDATE_BADGE" /> <!-- Huawei -->
48-->[com.onesignal:OneSignal:4.3.0] AndroidManifest.xml:38:5-83
48-->[com.onesignal:OneSignal:4.3.0] AndroidManifest.xml:38:22-80
49    <uses-permission android:name="com.huawei.android.launcher.permission.CHANGE_BADGE" />
49-->[com.onesignal:OneSignal:4.3.0] AndroidManifest.xml:39:5-91
49-->[com.onesignal:OneSignal:4.3.0] AndroidManifest.xml:39:22-88
50    <uses-permission android:name="com.huawei.android.launcher.permission.READ_SETTINGS" />
50-->[com.onesignal:OneSignal:4.3.0] AndroidManifest.xml:40:5-92
50-->[com.onesignal:OneSignal:4.3.0] AndroidManifest.xml:40:22-89
51    <uses-permission android:name="com.huawei.android.launcher.permission.WRITE_SETTINGS" /> <!-- ZUK -->
51-->[com.onesignal:OneSignal:4.3.0] AndroidManifest.xml:41:5-93
51-->[com.onesignal:OneSignal:4.3.0] AndroidManifest.xml:41:22-90
52    <uses-permission android:name="android.permission.READ_APP_BADGE" /> <!-- OPPO -->
52-->[com.onesignal:OneSignal:4.3.0] AndroidManifest.xml:42:5-73
52-->[com.onesignal:OneSignal:4.3.0] AndroidManifest.xml:42:22-70
53    <uses-permission android:name="com.oppo.launcher.permission.READ_SETTINGS" />
53-->[com.onesignal:OneSignal:4.3.0] AndroidManifest.xml:43:5-82
53-->[com.onesignal:OneSignal:4.3.0] AndroidManifest.xml:43:22-79
54    <uses-permission android:name="com.oppo.launcher.permission.WRITE_SETTINGS" /> <!-- EvMe -->
54-->[com.onesignal:OneSignal:4.3.0] AndroidManifest.xml:44:5-83
54-->[com.onesignal:OneSignal:4.3.0] AndroidManifest.xml:44:22-80
55    <uses-permission android:name="me.everything.badger.permission.BADGE_COUNT_READ" />
55-->[com.onesignal:OneSignal:4.3.0] AndroidManifest.xml:45:5-88
55-->[com.onesignal:OneSignal:4.3.0] AndroidManifest.xml:45:22-85
56    <uses-permission android:name="me.everything.badger.permission.BADGE_COUNT_WRITE" />
56-->[com.onesignal:OneSignal:4.3.0] AndroidManifest.xml:46:5-89
56-->[com.onesignal:OneSignal:4.3.0] AndroidManifest.xml:46:22-86
57    <uses-permission android:name="com.google.android.finsky.permission.BIND_GET_INSTALL_REFERRER_SERVICE" />
57-->[com.google.android.gms:play-services-measurement:17.2.1] AndroidManifest.xml:26:5-110
57-->[com.google.android.gms:play-services-measurement:17.2.1] AndroidManifest.xml:26:22-107
58
59    <uses-permission-sdk-23 android:name="android.permission.ACCESS_COARSE_LOCATION" />
59-->[com.github.Polidea:MultiPlatformBleAdapter:b0272c0fae040cc90f790481c54e8f2d45304339] AndroidManifest.xml:14:5-88
59-->[com.github.Polidea:MultiPlatformBleAdapter:b0272c0fae040cc90f790481c54e8f2d45304339] AndroidManifest.xml:14:29-85
60
61    <application
61-->src/main/AndroidManifest.xml:11:5-52:19
62        android:name="com.promptlyhealth.promptly.eu.MainApplication"
62-->src/main/AndroidManifest.xml:12:7-38
63        android:allowBackup="false"
63-->src/main/AndroidManifest.xml:15:7-34
64        android:appComponentFactory="androidx.core.app.CoreComponentFactory"
64-->[androidx.core:core:1.6.0] AndroidManifest.xml:24:18-86
65        android:debuggable="true"
66        android:icon="@mipmap/ic_launcher"
66-->src/main/AndroidManifest.xml:14:7-41
67        android:label="@string/app_name"
67-->src/main/AndroidManifest.xml:13:7-39
68        android:screenOrientation="portrait"
68-->src/main/AndroidManifest.xml:17:7-43
69        android:supportsRtl="false"
69-->[com.helpscout:beacon-ui:2.0.2] AndroidManifest.xml:13:18-45
70        android:theme="@style/AppTheme"
70-->src/main/AndroidManifest.xml:16:7-38
71        android:usesCleartextTraffic="true" >
71-->src/debug/AndroidManifest.xml:8:9-44
72        <activity android:name="com.facebook.react.devsupport.DevSettingsActivity" />
72-->src/debug/AndroidManifest.xml:11:9-86
72-->src/debug/AndroidManifest.xml:11:19-83
73        <activity
73-->src/main/AndroidManifest.xml:18:7-25:18
74            android:name="com.promptlyhealth.promptly.eu.MainActivity"
74-->src/main/AndroidManifest.xml:19:9-37
75            android:configChanges="keyboard|keyboardHidden|orientation|screenSize|uiMode"
75-->src/main/AndroidManifest.xml:21:9-86
76            android:exported="true"
76-->src/main/AndroidManifest.xml:24:9-32
77            android:label="@string/app_name"
77-->src/main/AndroidManifest.xml:20:9-41
78            android:launchMode="singleTask"
78-->src/main/AndroidManifest.xml:22:9-40
79            android:windowSoftInputMode="adjustResize" >
79-->src/main/AndroidManifest.xml:23:9-51
80        </activity>
81        <activity
81-->src/main/AndroidManifest.xml:26:7-51:18
82            android:name="com.zoontek.rnbootsplash.RNBootSplashActivity"
82-->src/main/AndroidManifest.xml:27:9-69
83            android:launchMode="singleTask"
83-->src/main/AndroidManifest.xml:29:9-40
84            android:theme="@style/BootTheme" >
84-->src/main/AndroidManifest.xml:28:9-41
85            <intent-filter>
85-->src/main/AndroidManifest.xml:30:9-33:25
86                <action android:name="android.intent.action.MAIN" />
86-->src/main/AndroidManifest.xml:31:11-63
86-->src/main/AndroidManifest.xml:31:19-60
87
88                <category android:name="android.intent.category.LAUNCHER" />
88-->src/main/AndroidManifest.xml:32:11-71
88-->src/main/AndroidManifest.xml:32:21-68
89            </intent-filter>
90            <intent-filter>
90-->src/main/AndroidManifest.xml:34:9-42:25
91                <action android:name="android.intent.action.VIEW" />
91-->src/main/AndroidManifest.xml:35:11-63
91-->src/main/AndroidManifest.xml:35:19-60
92
93                <category android:name="android.intent.category.DEFAULT" />
93-->src/main/AndroidManifest.xml:36:11-70
93-->src/main/AndroidManifest.xml:36:21-67
94                <category android:name="android.intent.category.BROWSABLE" />
94-->src/main/AndroidManifest.xml:37:11-72
94-->src/main/AndroidManifest.xml:37:21-69
95
96                <data
96-->src/main/AndroidManifest.xml:38:11-41:13
97                    android:host="@string/WEBVIEW_HOST"
97-->src/main/AndroidManifest.xml:40:13-48
98                    android:scheme="@string/WEBVIEW_SCHEMA" />
98-->src/main/AndroidManifest.xml:39:13-52
99            </intent-filter>
100            <intent-filter>
100-->src/main/AndroidManifest.xml:43:9-50:25
101                <action android:name="android.intent.action.VIEW" />
101-->src/main/AndroidManifest.xml:35:11-63
101-->src/main/AndroidManifest.xml:35:19-60
102
103                <category android:name="android.intent.category.DEFAULT" />
103-->src/main/AndroidManifest.xml:36:11-70
103-->src/main/AndroidManifest.xml:36:21-67
104                <category android:name="android.intent.category.BROWSABLE" />
104-->src/main/AndroidManifest.xml:37:11-72
104-->src/main/AndroidManifest.xml:37:21-69
105
106                <data android:scheme="@string/APP_SCHEMA" />
106-->src/main/AndroidManifest.xml:38:11-41:13
106-->src/main/AndroidManifest.xml:39:13-52
107            </intent-filter>
108        </activity>
109
110        <meta-data
110-->[:sentry_react-native] AndroidManifest.xml:13:9-15:37
111            android:name="io.sentry.auto-init"
111-->[:sentry_react-native] AndroidManifest.xml:14:13-47
112            android:value="false" />
112-->[:sentry_react-native] AndroidManifest.xml:15:13-34
113
114        <provider
114-->[:react-native-image-crop-picker] AndroidManifest.xml:12:9-20:20
115            android:name="androidx.core.content.FileProvider"
115-->[:react-native-image-crop-picker] AndroidManifest.xml:13:13-62
116            android:authorities="com.promptlyhealth.promptly.eu.provider"
116-->[:react-native-image-crop-picker] AndroidManifest.xml:14:13-60
117            android:exported="false"
117-->[:react-native-image-crop-picker] AndroidManifest.xml:15:13-37
118            android:grantUriPermissions="true" >
118-->[:react-native-image-crop-picker] AndroidManifest.xml:16:13-47
119            <meta-data
119-->[:react-native-image-crop-picker] AndroidManifest.xml:17:13-19:58
120                android:name="android.support.FILE_PROVIDER_PATHS"
120-->[:react-native-image-crop-picker] AndroidManifest.xml:18:17-67
121                android:resource="@xml/provider_paths" />
121-->[:react-native-image-crop-picker] AndroidManifest.xml:19:17-55
122        </provider>
123
124        <activity
124-->[:react-native-image-crop-picker] AndroidManifest.xml:22:9-24:72
125            android:name="com.yalantis.ucrop.UCropActivity"
125-->[:react-native-image-crop-picker] AndroidManifest.xml:23:13-60
126            android:theme="@style/Theme.AppCompat.Light.NoActionBar" />
126-->[:react-native-image-crop-picker] AndroidManifest.xml:24:13-69
127
128        <provider
128-->[:react-native-webview] AndroidManifest.xml:10:9-18:20
129            android:name="com.reactnativecommunity.webview.RNCWebViewFileProvider"
129-->[:react-native-webview] AndroidManifest.xml:11:13-83
130            android:authorities="com.promptlyhealth.promptly.eu.fileprovider"
130-->[:react-native-webview] AndroidManifest.xml:12:13-64
131            android:exported="false"
131-->[:react-native-webview] AndroidManifest.xml:13:13-37
132            android:grantUriPermissions="true" >
132-->[:react-native-webview] AndroidManifest.xml:14:13-47
133            <meta-data
133-->[:react-native-image-crop-picker] AndroidManifest.xml:17:13-19:58
134                android:name="android.support.FILE_PROVIDER_PATHS"
134-->[:react-native-image-crop-picker] AndroidManifest.xml:18:17-67
135                android:resource="@xml/file_provider_paths" />
135-->[:react-native-image-crop-picker] AndroidManifest.xml:19:17-55
136        </provider>
137
138        <activity
138-->[com.helpscout:beacon-ui:2.0.2] AndroidManifest.xml:14:9-16:54
139            android:name="com.helpscout.beacon.ui.BeaconActivity"
139-->[com.helpscout:beacon-ui:2.0.2] AndroidManifest.xml:15:13-66
140            android:theme="@style/hs_beacon_Theme" />
140-->[com.helpscout:beacon-ui:2.0.2] AndroidManifest.xml:16:13-51
141        <activity
141-->[com.helpscout:beacon-ui:2.0.2] AndroidManifest.xml:17:9-21:54
142            android:name="com.helpscout.beacon.internal.ui.domain.config.BeaconConfigActivity"
142-->[com.helpscout:beacon-ui:2.0.2] AndroidManifest.xml:18:13-95
143            android:label="@string/hs_beacon_empty"
143-->[com.helpscout:beacon-ui:2.0.2] AndroidManifest.xml:19:13-52
144            android:noHistory="true"
144-->[com.helpscout:beacon-ui:2.0.2] AndroidManifest.xml:20:13-37
145            android:theme="@style/hs_beacon_Theme" />
145-->[com.helpscout:beacon-ui:2.0.2] AndroidManifest.xml:21:13-51
146        <activity
146-->[com.helpscout:beacon-ui:2.0.2] AndroidManifest.xml:22:9-25:76
147            android:name="com.helpscout.beacon.internal.ui.domain.suggestions.BeaconSuggestionsActivity"
147-->[com.helpscout:beacon-ui:2.0.2] AndroidManifest.xml:23:13-105
148            android:theme="@style/hs_beacon_Theme"
148-->[com.helpscout:beacon-ui:2.0.2] AndroidManifest.xml:24:13-51
149            android:windowSoftInputMode="adjustResize|stateAlwaysHidden" />
149-->[com.helpscout:beacon-ui:2.0.2] AndroidManifest.xml:25:13-73
150        <activity
150-->[com.helpscout:beacon-ui:2.0.2] AndroidManifest.xml:26:9-34:20
151            android:name="com.helpscout.beacon.internal.ui.domain.search.BeaconSearchActivity"
151-->[com.helpscout:beacon-ui:2.0.2] AndroidManifest.xml:27:13-95
152            android:parentActivityName="com.helpscout.beacon.internal.ui.domain.suggestions.BeaconSuggestionsActivity"
152-->[com.helpscout:beacon-ui:2.0.2] AndroidManifest.xml:28:13-119
153            android:theme="@style/hs_beacon_Theme"
153-->[com.helpscout:beacon-ui:2.0.2] AndroidManifest.xml:29:13-51
154            android:windowSoftInputMode="adjustResize|stateHidden" >
154-->[com.helpscout:beacon-ui:2.0.2] AndroidManifest.xml:30:13-67
155            <meta-data
155-->[com.helpscout:beacon-ui:2.0.2] AndroidManifest.xml:31:13-33:64
156                android:name="android.app.searchable"
156-->[com.helpscout:beacon-ui:2.0.2] AndroidManifest.xml:32:17-54
157                android:resource="@xml/hs_beacon_searchable" />
157-->[com.helpscout:beacon-ui:2.0.2] AndroidManifest.xml:33:17-61
158        </activity>
159        <activity
159-->[com.helpscout:beacon-ui:2.0.2] AndroidManifest.xml:35:9-39:70
160            android:name="com.helpscout.beacon.internal.ui.domain.message.BeaconSendMessageActivity"
160-->[com.helpscout:beacon-ui:2.0.2] AndroidManifest.xml:36:13-101
161            android:parentActivityName="com.helpscout.beacon.internal.ui.domain.suggestions.BeaconSuggestionsActivity"
161-->[com.helpscout:beacon-ui:2.0.2] AndroidManifest.xml:37:13-119
162            android:theme="@style/hs_beacon_Theme"
162-->[com.helpscout:beacon-ui:2.0.2] AndroidManifest.xml:38:13-51
163            android:windowSoftInputMode="adjustResize|stateHidden" />
163-->[com.helpscout:beacon-ui:2.0.2] AndroidManifest.xml:39:13-67
164        <activity
164-->[com.helpscout:beacon-ui:2.0.2] AndroidManifest.xml:40:9-43:61
165            android:name="com.helpscout.beacon.internal.ui.domain.article.BeaconArticleActivity"
165-->[com.helpscout:beacon-ui:2.0.2] AndroidManifest.xml:41:13-97
166            android:parentActivityName="com.helpscout.beacon.internal.ui.domain.suggestions.BeaconSuggestionsActivity"
166-->[com.helpscout:beacon-ui:2.0.2] AndroidManifest.xml:42:13-119
167            android:theme="@style/hs_beacon_Theme.Dialog" />
167-->[com.helpscout:beacon-ui:2.0.2] AndroidManifest.xml:43:13-58
168        <activity
168-->[com.helpscout:beacon-ui:2.0.2] AndroidManifest.xml:44:9-47:54
169            android:name="com.helpscout.beacon.internal.ui.domain.conversations.BeaconConversationsActivity"
169-->[com.helpscout:beacon-ui:2.0.2] AndroidManifest.xml:45:13-109
170            android:parentActivityName="com.helpscout.beacon.internal.ui.domain.suggestions.BeaconSuggestionsActivity"
170-->[com.helpscout:beacon-ui:2.0.2] AndroidManifest.xml:46:13-119
171            android:theme="@style/hs_beacon_Theme" />
171-->[com.helpscout:beacon-ui:2.0.2] AndroidManifest.xml:47:13-51
172        <activity
172-->[com.helpscout:beacon-ui:2.0.2] AndroidManifest.xml:48:9-52:58
173            android:name="com.helpscout.beacon.internal.ui.domain.conversation.BeaconConversationActivity"
173-->[com.helpscout:beacon-ui:2.0.2] AndroidManifest.xml:49:13-107
174            android:parentActivityName="com.helpscout.beacon.internal.ui.domain.conversations.BeaconConversationsActivity"
174-->[com.helpscout:beacon-ui:2.0.2] AndroidManifest.xml:50:13-123
175            android:theme="@style/hs_beacon_Theme.Dialog"
175-->[com.helpscout:beacon-ui:2.0.2] AndroidManifest.xml:51:13-58
176            android:windowSoftInputMode="adjustResize" />
176-->[com.helpscout:beacon-ui:2.0.2] AndroidManifest.xml:52:13-55
177        <activity
177-->[com.helpscout:beacon-ui:2.0.2] AndroidManifest.xml:53:9-57:71
178            android:name="com.helpscout.beacon.internal.ui.domain.conversation.reply.BeaconComposeReplyActivity"
178-->[com.helpscout:beacon-ui:2.0.2] AndroidManifest.xml:54:13-113
179            android:parentActivityName="com.helpscout.beacon.internal.ui.domain.conversation.BeaconConversationActivity"
179-->[com.helpscout:beacon-ui:2.0.2] AndroidManifest.xml:55:13-121
180            android:theme="@style/hs_beacon_Theme.Dialog"
180-->[com.helpscout:beacon-ui:2.0.2] AndroidManifest.xml:56:13-58
181            android:windowSoftInputMode="adjustResize|stateVisible" />
181-->[com.helpscout:beacon-ui:2.0.2] AndroidManifest.xml:57:13-68
182        <activity
182-->[com.helpscout:beacon-ui:2.0.2] AndroidManifest.xml:58:9-60:65
183            android:name="com.helpscout.beacon.internal.chat.common.FullScreenImageActivity"
183-->[com.helpscout:beacon-ui:2.0.2] AndroidManifest.xml:59:13-93
184            android:theme="@style/hs_beacon_ThemeNoActionBar" />
184-->[com.helpscout:beacon-ui:2.0.2] AndroidManifest.xml:60:13-62
185
186        <provider
186-->[com.helpscout:beacon-ui:2.0.2] AndroidManifest.xml:62:9-70:20
187            android:name="com.helpscout.beacon.internal.ui.common.BeaconFileProvider"
187-->[com.helpscout:beacon-ui:2.0.2] AndroidManifest.xml:63:13-86
188            android:authorities="com.promptlyhealth.promptly.eu.hs.beacon.attachmentsProvider"
188-->[com.helpscout:beacon-ui:2.0.2] AndroidManifest.xml:64:13-81
189            android:exported="false"
189-->[com.helpscout:beacon-ui:2.0.2] AndroidManifest.xml:65:13-37
190            android:grantUriPermissions="true" >
190-->[com.helpscout:beacon-ui:2.0.2] AndroidManifest.xml:66:13-47
191            <meta-data
191-->[:react-native-image-crop-picker] AndroidManifest.xml:17:13-19:58
192                android:name="android.support.FILE_PROVIDER_PATHS"
192-->[:react-native-image-crop-picker] AndroidManifest.xml:18:17-67
193                android:resource="@xml/hs_beacon_file_paths" />
193-->[:react-native-image-crop-picker] AndroidManifest.xml:19:17-55
194        </provider>
195
196        <meta-data
196-->[com.helpscout:beacon-ui:2.0.2] AndroidManifest.xml:72:9-74:73
197            android:name="com.google.firebase.messaging.default_notification_channel_id"
197-->[com.helpscout:beacon-ui:2.0.2] AndroidManifest.xml:73:13-89
198            android:value="@string/hs_beacon_notification_channel_id" />
198-->[com.helpscout:beacon-ui:2.0.2] AndroidManifest.xml:74:13-70
199
200        <service
200-->[com.helpscout:beacon-ui:2.0.2] AndroidManifest.xml:76:9-82:19
201            android:name="com.helpscout.beacon.internal.common.push.fcm.BeaconFirebaseMessagingService"
201-->[com.helpscout:beacon-ui:2.0.2] AndroidManifest.xml:77:13-104
202            android:stopWithTask="false" >
202-->[com.helpscout:beacon-ui:2.0.2] AndroidManifest.xml:78:13-41
203            <intent-filter>
203-->[com.helpscout:beacon-ui:2.0.2] AndroidManifest.xml:79:13-81:29
204                <action android:name="com.google.firebase.MESSAGING_EVENT" />
204-->[com.helpscout:beacon-ui:2.0.2] AndroidManifest.xml:80:17-78
204-->[com.helpscout:beacon-ui:2.0.2] AndroidManifest.xml:80:25-75
205            </intent-filter>
206        </service>
207
208        <receiver android:name="com.helpscout.beacon.internal.ui.push.receiver.ConversationNotificationReplyReceiver" />
208-->[com.helpscout:beacon-ui:2.0.2] AndroidManifest.xml:84:9-121
208-->[com.helpscout:beacon-ui:2.0.2] AndroidManifest.xml:84:19-118
209        <receiver android:name="com.helpscout.beacon.internal.common.push.receiver.MarkAsReadReceiver" /> <!-- ensure we're not collecting the Ad Id -->
209-->[com.helpscout:beacon-ui:2.0.2] AndroidManifest.xml:85:9-106
209-->[com.helpscout:beacon-ui:2.0.2] AndroidManifest.xml:85:19-103
210        <meta-data
210-->[com.helpscout:beacon-ui:2.0.2] AndroidManifest.xml:88:9-90:37
211            android:name="google_analytics_adid_collection_enabled"
211-->[com.helpscout:beacon-ui:2.0.2] AndroidManifest.xml:89:13-68
212            android:value="false" />
212-->[com.helpscout:beacon-ui:2.0.2] AndroidManifest.xml:90:13-34
213
214        <activity
214-->[com.helpscout:beacon-ui:2.0.2] AndroidManifest.xml:92:9-96:63
215            android:name="com.helpscout.beacon.internal.chat.domain.chooser.ChooserActivity"
215-->[com.helpscout:beacon-ui:2.0.2] AndroidManifest.xml:93:13-93
216            android:parentActivityName="com.helpscout.beacon.internal.ui.domain.suggestions.BeaconSuggestionsActivity"
216-->[com.helpscout:beacon-ui:2.0.2] AndroidManifest.xml:94:13-119
217            android:theme="@style/hs_beacon_Theme.Dialog"
217-->[com.helpscout:beacon-ui:2.0.2] AndroidManifest.xml:95:13-58
218            android:windowSoftInputMode="stateAlwaysHidden" />
218-->[com.helpscout:beacon-ui:2.0.2] AndroidManifest.xml:96:13-60
219        <activity
219-->[com.helpscout:beacon-ui:2.0.2] AndroidManifest.xml:97:9-101:70
220            android:name="com.helpscout.beacon.internal.chat.domain.chat.ChatActivity"
220-->[com.helpscout:beacon-ui:2.0.2] AndroidManifest.xml:98:13-87
221            android:parentActivityName="com.helpscout.beacon.internal.ui.domain.suggestions.BeaconSuggestionsActivity"
221-->[com.helpscout:beacon-ui:2.0.2] AndroidManifest.xml:99:13-119
222            android:theme="@style/hs_beacon_ThemeNoActionBar"
222-->[com.helpscout:beacon-ui:2.0.2] AndroidManifest.xml:100:13-62
223            android:windowSoftInputMode="adjustResize|stateHidden" />
223-->[com.helpscout:beacon-ui:2.0.2] AndroidManifest.xml:101:13-67
224
225        <receiver android:name="com.helpscout.beacon.internal.chat.push.reciever.ChatNotificationReplyReceiver" />
225-->[com.helpscout:beacon-ui:2.0.2] AndroidManifest.xml:103:9-115
225-->[com.helpscout:beacon-ui:2.0.2] AndroidManifest.xml:103:19-112
226        <receiver
226-->[com.onesignal:OneSignal:4.3.0] AndroidManifest.xml:49:9-59:20
227            android:name="com.onesignal.FCMBroadcastReceiver"
227-->[com.onesignal:OneSignal:4.3.0] AndroidManifest.xml:50:13-62
228            android:permission="com.google.android.c2dm.permission.SEND" >
228-->[com.onesignal:OneSignal:4.3.0] AndroidManifest.xml:51:13-73
229
230            <!-- High priority so OneSignal payloads can be filtered from other FCM receivers -->
231            <intent-filter android:priority="999" >
231-->[com.onesignal:OneSignal:4.3.0] AndroidManifest.xml:54:13-58:29
231-->[com.onesignal:OneSignal:4.3.0] AndroidManifest.xml:54:28-50
232                <action android:name="com.google.android.c2dm.intent.RECEIVE" />
232-->[com.onesignal:OneSignal:4.3.0] AndroidManifest.xml:55:17-81
232-->[com.onesignal:OneSignal:4.3.0] AndroidManifest.xml:55:25-78
233
234                <category android:name="com.promptlyhealth.promptly.eu" />
234-->[com.onesignal:OneSignal:4.3.0] AndroidManifest.xml:57:17-61
234-->[com.onesignal:OneSignal:4.3.0] AndroidManifest.xml:57:27-58
235            </intent-filter>
236        </receiver>
237
238        <service
238-->[com.onesignal:OneSignal:4.3.0] AndroidManifest.xml:61:9-67:19
239            android:name="com.onesignal.HmsMessageServiceOneSignal"
239-->[com.onesignal:OneSignal:4.3.0] AndroidManifest.xml:62:13-68
240            android:exported="false" >
240-->[com.onesignal:OneSignal:4.3.0] AndroidManifest.xml:63:13-37
241            <intent-filter>
241-->[com.onesignal:OneSignal:4.3.0] AndroidManifest.xml:64:13-66:29
242                <action android:name="com.huawei.push.action.MESSAGING_EVENT" />
242-->[com.onesignal:OneSignal:4.3.0] AndroidManifest.xml:65:17-81
242-->[com.onesignal:OneSignal:4.3.0] AndroidManifest.xml:65:25-78
243            </intent-filter>
244        </service>
245
246        <activity
246-->[com.onesignal:OneSignal:4.3.0] AndroidManifest.xml:69:9-76:20
247            android:name="com.onesignal.NotificationOpenedActivityHMS"
247-->[com.onesignal:OneSignal:4.3.0] AndroidManifest.xml:70:13-71
248            android:noHistory="true"
248-->[com.onesignal:OneSignal:4.3.0] AndroidManifest.xml:71:13-37
249            android:theme="@android:style/Theme.Translucent.NoTitleBar" >
249-->[com.onesignal:OneSignal:4.3.0] AndroidManifest.xml:72:13-72
250            <intent-filter>
250-->[com.onesignal:OneSignal:4.3.0] AndroidManifest.xml:73:13-75:29
251                <action android:name="android.intent.action.VIEW" />
251-->src/main/AndroidManifest.xml:35:11-63
251-->src/main/AndroidManifest.xml:35:19-60
252            </intent-filter>
253        </activity>
254
255        <service android:name="com.onesignal.FCMIntentService" />
255-->[com.onesignal:OneSignal:4.3.0] AndroidManifest.xml:78:9-66
255-->[com.onesignal:OneSignal:4.3.0] AndroidManifest.xml:78:18-63
256        <service
256-->[com.onesignal:OneSignal:4.3.0] AndroidManifest.xml:79:9-81:72
257            android:name="com.onesignal.FCMIntentJobService"
257-->[com.onesignal:OneSignal:4.3.0] AndroidManifest.xml:80:13-61
258            android:permission="android.permission.BIND_JOB_SERVICE" />
258-->[com.onesignal:OneSignal:4.3.0] AndroidManifest.xml:81:13-69
259        <service
259-->[com.onesignal:OneSignal:4.3.0] AndroidManifest.xml:82:9-84:43
260            android:name="com.onesignal.FocusDelaySyncService"
260-->[com.onesignal:OneSignal:4.3.0] AndroidManifest.xml:83:13-63
261            android:stopWithTask="true" />
261-->[com.onesignal:OneSignal:4.3.0] AndroidManifest.xml:84:13-40
262        <service
262-->[com.onesignal:OneSignal:4.3.0] AndroidManifest.xml:85:9-87:72
263            android:name="com.onesignal.FocusDelaySyncJobService"
263-->[com.onesignal:OneSignal:4.3.0] AndroidManifest.xml:86:13-66